{"name": "test_popup_page", "status": "failed", "statusDetails": {"message": "AssertionError: assert 'i started li...slash company' == 'I started li...slash company'\n  - I started liking the Oslash company\n  ? ^                    ^\n  + i started liking the oslash company\n  ? ^                    ^", "trace": "self = <tests.google_translate_test.Google_Translate testMethod=test_popup_page>\n\n    @pytest.mark.order(1)\n    def test_popup_page(self):\n        self.driver.get(self.test_data['base_url']+self.test_data['popup_page']['url'])\n        #time.sleep(12)\n        self.popup_page.wait_for_page_to_load()\n        self.popup_page.enter_input_text(self.test_data['popup_page']['input_text_in_non_english'])\n        self.popup_page.click_translate()\n        try:\n            result=self.popup_page.get_translated_text()\n        except:\n            if self.popup_page.is_translate_this_page_displayed():\n                self.popup_page.click_translate_this_page()\n                self.popup_page.enter_input_text(self.test_data['popup_page']['input_text_in_non_english'])\n                self.popup_page.click_translate()\n                result = self.popup_page.get_translated_text()\n            else:\n                self.popup_page.screenShot(\"translation did not happen\")\n                cl.allureLogs(\"translation did not happen\")\n                assert False\n>       assert result==self.test_data['popup_page']['translated_text_in_english']\nE       AssertionError: assert 'i started li...slash company' == 'I started li...slash company'\nE         - I started liking the Oslash company\nE         ? ^                    ^\nE         + i started liking the oslash company\nE         ? ^                    ^\n\ntests/google_translate_test.py:55: AssertionError"}, "steps": [{"name": "waiting for page to load", "status": "passed", "start": 1607411755196, "stop": 1607411755196}, {"name": "entering मुझे ओस्लाश कंपनी पसंद आने लगी in the input filed", "status": "passed", "start": 1607411755200, "stop": 1607411755200}, {"name": "clicking on translate button", "status": "passed", "start": 1607411755332, "stop": 1607411755332}, {"name": "clicked on translate button", "status": "passed", "start": 1607411755332, "stop": 1607411755332}, {"name": "Element not appeared on the web page", "status": "passed", "start": 1607411766386, "stop": 1607411766387}, {"name": "entering मुझे ओस्लाश कंपनी पसंद आने लगी in the input filed", "status": "passed", "start": 1607411771970, "stop": 1607411771970}, {"name": "clicking on translate button", "status": "passed", "start": 1607411772055, "stop": 1607411772055}, {"name": "clicked on translate button", "status": "passed", "start": 1607411772055, "stop": 1607411772055}], "attachments": [{"source": "dfb5c0d0-bde5-43e1-bce1-c6e79cb650cb-attachment.attach"}, {"name": "log", "source": "29e49341-62d4-4294-9f0b-3b7b871084da-attachment.txt", "type": "text/plain"}], "start": 1607411754929, "stop": 1607411772210, "uuid": "1ec81ab1-ae41-467d-9d96-b95d210628df", "historyId": "53cd56d036f22ddaafbaa40602bd771d", "testCaseId": "09559d320120539309e73b8d42bf31eb", "fullName": "tests.google_translate_test.Google_Translate#test_popup_page", "labels": [{"name": "tag", "value": "@pytest.mark.usefixtures('oneTimeEveryClassSetup')"}, {"name": "tag", "value": "order(1)"}, {"name": "parentSuite", "value": "tests"}, {"name": "suite", "value": "google_translate_test"}, {"name": "subSuite", "value": "Google_Translate"}, {"name": "host", "value": "mohammeds-MacBook-Pro.local"}, {"name": "thread", "value": "30934-MainThread"}, {"name": "framework", "value": "pytest"}, {"name": "language", "value": "cpython3"}, {"name": "package", "value": "tests.google_translate_test"}]}