{"name": "test_popup_page", "status": "failed", "statusDetails": {"message": "AssertionError: assert 'i started liking the oslash company' == <built-in method lower of str object at 0x7fb5f2e816f0>\n +  where <built-in method lower of str object at 0x7fb5f2e816f0> = 'I started liking the Oslash company'.lower", "trace": "self = <tests.google_translate_test.Google_Translate testMethod=test_popup_page>\n\n    @pytest.mark.order(1)\n    def test_popup_page(self):\n        self.driver.get(self.test_data['base_url']+self.test_data['popup_page']['url'])\n        #time.sleep(12)\n        self.popup_page.wait_for_page_to_load()\n        self.popup_page.enter_input_text(self.test_data['popup_page']['input_text_in_non_english'])\n        self.popup_page.click_translate()\n        try:\n            result=self.popup_page.get_translated_text()\n        except:\n            if self.popup_page.is_translate_this_page_displayed():\n                self.popup_page.click_translate_this_page()\n                self.popup_page.enter_input_text(self.test_data['popup_page']['input_text_in_non_english'])\n                self.popup_page.click_translate()\n                result = self.popup_page.get_translated_text()\n            else:\n                self.popup_page.screenShot(\"translation did not happen\")\n                cl.allureLogs(\"translation did not happen\")\n                assert False\n>       assert result==self.test_data['popup_page']['translated_text_in_english'].lower\nE       AssertionError: assert 'i started liking the oslash company' == <built-in method lower of str object at 0x7fb5f2e816f0>\nE        +  where <built-in method lower of str object at 0x7fb5f2e816f0> = 'I started liking the Oslash company'.lower\n\ntests/google_translate_test.py:55: AssertionError"}, "steps": [{"name": "waiting for page to load", "status": "passed", "start": 1607411855405, "stop": 1607411855405}, {"name": "entering मुझे ओस्लाश कंपनी पसंद आने लगी in the input filed", "status": "passed", "start": 1607411855411, "stop": 1607411855411}, {"name": "clicking on translate button", "status": "passed", "start": 1607411855589, "stop": 1607411855589}, {"name": "clicked on translate button", "status": "passed", "start": 1607411855589, "stop": 1607411855589}], "attachments": [{"name": "log", "source": "55c0980c-59fc-4346-8fd1-eff7df017f0f-attachment.txt", "type": "text/plain"}], "start": 1607411855000, "stop": 1607411855789, "uuid": "73062dfb-8700-494b-ae84-b95c6547b3bc", "historyId": "53cd56d036f22ddaafbaa40602bd771d", "testCaseId": "09559d320120539309e73b8d42bf31eb", "fullName": "tests.google_translate_test.Google_Translate#test_popup_page", "labels": [{"name": "tag", "value": "@pytest.mark.usefixtures('oneTimeEveryClassSetup')"}, {"name": "tag", "value": "order(1)"}, {"name": "parentSuite", "value": "tests"}, {"name": "suite", "value": "google_translate_test"}, {"name": "subSuite", "value": "Google_Translate"}, {"name": "host", "value": "mohammeds-MacBook-Pro.local"}, {"name": "thread", "value": "31045-MainThread"}, {"name": "framework", "value": "pytest"}, {"name": "language", "value": "cpython3"}, {"name": "package", "value": "tests.google_translate_test"}]}